<?xml version="1.0" encoding="UTF-8"?>
<!-- Generated by org.testng.reporters.JUnitXMLReporter -->
<testsuite ignored="2" hostname="DESKTOP-P5V502I" failures="0" tests="1" name="Default test" time="0.039" errors="0" timestamp="2021-04-05T20:48:59 PDT">
  <testcase classname="com.maven.test1.TestClass1" name="test2" time="0.009"/>
  <testcase classname="com.maven.test1.TestClass1" name="test" time="0.0">
    <ignored/>
  </testcase> <!-- test -->
  <testcase classname="com.maven.test1.TestClass1" name="test3" time="0.0">
    <ignored/>
  </testcase> <!-- test3 -->
</testsuite> <!-- Default test -->
