<?xml version="1.0" encoding="UTF-8"?>
<!-- Generated by org.testng.reporters.JUnitXMLReporter -->
<testsuite ignored="0" hostname="DESKTOP-P5V502I" failures="0" tests="8" name="Test" time="0.032" errors="0" timestamp="2021-04-12T14:42:13 PDT">
  <testcase classname="com.maven.test1.TestClass1" name="test" time="0.003"/>
  <testcase classname="com.maven.test1.TestClass1" name="test2" time="0.0"/>
  <testcase classname="com.maven.test1.TestClass1" name="test3" time="0.0"/>
  <testcase classname="com.maven.test1.TestClass2" name="test4" time="0.0"/>
  <testcase classname="com.maven.test1.TestClass2" name="test5" time="0.0"/>
  <testcase classname="com.maven.test1.TestClass2" name="test6" time="0.0"/>
  <testcase classname="com.maven.test1.TestClass3" name="WebFn1" time="0.0"/>
  <testcase classname="com.maven.test1.TestClass3" name="WebFr" time="0.001"/>
</testsuite> <!-- Test -->
