<?xml version="1.0" encoding="UTF-8"?>
<!-- Generated by org.testng.reporters.JUnitReportReporter -->
<testsuite hostname="DESKTOP-P5V502I" failures="0" tests="2" name="com.maven.test1.TestClass3" time="0.001" errors="0" timestamp="2021-04-12T14:42:13 PDT" skipped="0">
  <testcase classname="com.maven.test1.TestClass3" name="WebFn1" time="0.000"/>
  <system-out/>
  <testcase classname="com.maven.test1.TestClass3" name="WebFr" time="0.001"/>
  <system-out/>
</testsuite> <!-- com.maven.test1.TestClass3 -->
