<?xml version="1.0" encoding="UTF-8"?>
<testng-results ignored="2" total="3" passed="1" failed="0" skipped="0">
  <reporter-output>
  </reporter-output>
  <suite started-at="2021-04-05T20:48:59 PDT" name="Default suite" finished-at="2021-04-05T20:48:59 PDT" duration-ms="39">
    <groups>
    </groups>
    <test started-at="2021-04-05T20:48:59 PDT" name="Default test" finished-at="2021-04-05T20:48:59 PDT" duration-ms="39">
      <class name="com.maven.test1.TestClass1">
        <test-method signature="test2()[pri:0, instance:com.maven.test1.TestClass1@366647c2]" started-at="2021-04-05T20:48:59 PDT" name="test2" finished-at="2021-04-05T20:48:59 PDT" duration-ms="9" status="PASS">
          <reporter-output>
          </reporter-output>
        </test-method> <!-- test2 -->
      </class> <!-- com.maven.test1.TestClass1 -->
    </test> <!-- Default test -->
  </suite> <!-- Default suite -->
</testng-results>
